<?xml version="1.0" encoding="UTF-8"?>
<testng-results ignored="0" total="3" passed="2" failed="1" skipped="0">
  <reporter-output>
  </reporter-output>
  <suite started-at="2025-05-27T00:06:11 GMT-05:00" name="Default suite" finished-at="2025-05-27T00:07:19 GMT-05:00" duration-ms="67898">
    <groups>
    </groups>
    <test started-at="2025-05-27T00:06:11 GMT-05:00" name="Default test" finished-at="2025-05-27T00:07:19 GMT-05:00" duration-ms="67898">
      <class name="todaytest.validationtest">
        <test-method is-config="true" signature="browser()[pri:0, instance:todaytest.validationtest@158d2680]" started-at="2025-05-27T00:06:11 GMT-05:00" name="browser" finished-at="2025-05-27T00:06:34 GMT-05:00" duration-ms="22627" status="PASS">
          <reporter-output>
          </reporter-output>
        </test-method> <!-- browser -->
        <test-method is-config="true" signature="beforeclass()[pri:0, instance:todaytest.validationtest@158d2680]" started-at="2025-05-27T00:06:34 GMT-05:00" name="beforeclass" finished-at="2025-05-27T00:06:34 GMT-05:00" duration-ms="144" status="PASS">
          <reporter-output>
          </reporter-output>
        </test-method> <!-- beforeclass -->
        <test-method is-config="true" signature="loginobject()[pri:0, instance:todaytest.validationtest@158d2680]" started-at="2025-05-27T00:06:34 GMT-05:00" name="loginobject" finished-at="2025-05-27T00:06:34 GMT-05:00" duration-ms="0" status="PASS">
          <reporter-output>
          </reporter-output>
        </test-method> <!-- loginobject -->
        <test-method signature="verify_search()[pri:0, instance:todaytest.validationtest@158d2680]" started-at="2025-05-27T00:06:34 GMT-05:00" name="verify_search" finished-at="2025-05-27T00:07:13 GMT-05:00" duration-ms="38221" status="PASS">
          <reporter-output>
          </reporter-output>
        </test-method> <!-- verify_search -->
        <test-method is-config="true" signature="Logout()[pri:0, instance:todaytest.validationtest@158d2680]" started-at="2025-05-27T00:07:13 GMT-05:00" name="Logout" finished-at="2025-05-27T00:07:13 GMT-05:00" duration-ms="1" status="PASS">
          <reporter-output>
          </reporter-output>
        </test-method> <!-- Logout -->
        <test-method is-config="true" signature="loginobject()[pri:0, instance:todaytest.validationtest@158d2680]" started-at="2025-05-27T00:07:13 GMT-05:00" name="loginobject" finished-at="2025-05-27T00:07:13 GMT-05:00" duration-ms="2" status="PASS">
          <reporter-output>
          </reporter-output>
        </test-method> <!-- loginobject -->
        <test-method signature="verify_sell()[pri:0, instance:todaytest.validationtest@158d2680]" started-at="2025-05-27T00:07:13 GMT-05:00" name="verify_sell" finished-at="2025-05-27T00:07:14 GMT-05:00" duration-ms="1005" status="PASS">
          <reporter-output>
          </reporter-output>
        </test-method> <!-- verify_sell -->
        <test-method is-config="true" signature="Logout()[pri:0, instance:todaytest.validationtest@158d2680]" started-at="2025-05-27T00:07:14 GMT-05:00" name="Logout" finished-at="2025-05-27T00:07:14 GMT-05:00" duration-ms="0" status="PASS">
          <reporter-output>
          </reporter-output>
        </test-method> <!-- Logout -->
        <test-method is-config="true" signature="loginobject()[pri:0, instance:todaytest.validationtest@158d2680]" started-at="2025-05-27T00:07:14 GMT-05:00" name="loginobject" finished-at="2025-05-27T00:07:14 GMT-05:00" duration-ms="1" status="PASS">
          <reporter-output>
          </reporter-output>
        </test-method> <!-- loginobject -->
        <test-method signature="verify_minitv()[pri:3, instance:todaytest.validationtest@158d2680]" started-at="2025-05-27T00:07:14 GMT-05:00" name="verify_minitv" finished-at="2025-05-27T00:07:14 GMT-05:00" duration-ms="141" status="FAIL">
          <exception class="org.openqa.selenium.NoSuchElementException">
            <message>
              <![CDATA[Unable to locate element: html/body/div/header/div/div[4]/div[2]/div/div/a[2]
For documentation on this error, please visit: https://selenium.dev/exceptions/#no_such_element
Build info: version: '4.8.1', revision: '8ebccac989'
System info: os.name: 'Windows 10', os.arch: 'amd64', os.version: '10.0', java.version: '17.0.12'
Driver info: org.openqa.selenium.firefox.FirefoxDriver
Command: [8c711de5-001d-4977-9ba4-230df620c9d9, findElement {using=xpath, value=html/body/div/header/div/div[4]/div[2]/div/div/a[2]}]
Capabilities {acceptInsecureCerts: true, browserName: firefox, browserVersion: 133.0.3, moz:accessibilityChecks: false, moz:buildID: 20241209150345, moz:geckodriverVersion: 0.36.0, moz:headless: false, moz:platformVersion: 10.0, moz:processID: 31872, moz:profile: C:\Users\shree\AppData\Loca..., moz:shutdownTimeout: 60000, moz:webdriverClick: true, moz:windowless: false, pageLoadStrategy: normal, platformName: WINDOWS, proxy: Proxy(), setWindowRect: true, strictFileInteractability: false, timeouts: {implicit: 0, pageLoad: 300000, script: 30000}, unhandledPromptBehavior: dismiss and notify, userAgent: Mozilla/5.0 (Windows NT 10....}
Session ID: 8c711de5-001d-4977-9ba4-230df620c9d9]]>
            </message>
            <full-stacktrace>
              <![CDATA[org.openqa.selenium.NoSuchElementException: Unable to locate element: html/body/div/header/div/div[4]/div[2]/div/div/a[2]
For documentation on this error, please visit: https://selenium.dev/exceptions/#no_such_element
Build info: version: '4.8.1', revision: '8ebccac989'
System info: os.name: 'Windows 10', os.arch: 'amd64', os.version: '10.0', java.version: '17.0.12'
Driver info: org.openqa.selenium.firefox.FirefoxDriver
Command: [8c711de5-001d-4977-9ba4-230df620c9d9, findElement {using=xpath, value=html/body/div/header/div/div[4]/div[2]/div/div/a[2]}]
Capabilities {acceptInsecureCerts: true, browserName: firefox, browserVersion: 133.0.3, moz:accessibilityChecks: false, moz:buildID: 20241209150345, moz:geckodriverVersion: 0.36.0, moz:headless: false, moz:platformVersion: 10.0, moz:processID: 31872, moz:profile: C:\Users\shree\AppData\Loca..., moz:shutdownTimeout: 60000, moz:webdriverClick: true, moz:windowless: false, pageLoadStrategy: normal, platformName: WINDOWS, proxy: Proxy(), setWindowRect: true, strictFileInteractability: false, timeouts: {implicit: 0, pageLoad: 300000, script: 30000}, unhandledPromptBehavior: dismiss and notify, userAgent: Mozilla/5.0 (Windows NT 10....}
Session ID: 8c711de5-001d-4977-9ba4-230df620c9d9
at java.base/jdk.internal.reflect.NativeConstructorAccessorImpl.newInstance0(Native Method)
at java.base/jdk.internal.reflect.NativeConstructorAccessorImpl.newInstance(NativeConstructorAccessorImpl.java:77)
at java.base/jdk.internal.reflect.DelegatingConstructorAccessorImpl.newInstance(DelegatingConstructorAccessorImpl.java:45)
at java.base/java.lang.reflect.Constructor.newInstanceWithCaller(Constructor.java:499)
at java.base/java.lang.reflect.Constructor.newInstance(Constructor.java:480)
at org.openqa.selenium.remote.codec.w3c.W3CHttpResponseCodec.createException(W3CHttpResponseCodec.java:200)
at org.openqa.selenium.remote.codec.w3c.W3CHttpResponseCodec.decode(W3CHttpResponseCodec.java:133)
at org.openqa.selenium.remote.codec.w3c.W3CHttpResponseCodec.decode(W3CHttpResponseCodec.java:53)
at org.openqa.selenium.remote.HttpCommandExecutor.execute(HttpCommandExecutor.java:184)
at org.openqa.selenium.remote.service.DriverCommandExecutor.invokeExecute(DriverCommandExecutor.java:167)
at org.openqa.selenium.remote.service.DriverCommandExecutor.execute(DriverCommandExecutor.java:142)
at org.openqa.selenium.remote.RemoteWebDriver.execute(RemoteWebDriver.java:543)
at org.openqa.selenium.remote.ElementLocation$ElementFinder$2.findElement(ElementLocation.java:162)
at org.openqa.selenium.remote.ElementLocation.findElement(ElementLocation.java:60)
at org.openqa.selenium.remote.RemoteWebDriver.findElement(RemoteWebDriver.java:352)
at org.openqa.selenium.remote.RemoteWebDriver.findElement(RemoteWebDriver.java:344)
at org.openqa.selenium.support.pagefactory.DefaultElementLocator.findElement(DefaultElementLocator.java:70)
at org.openqa.selenium.support.pagefactory.internal.LocatingElementHandler.invoke(LocatingElementHandler.java:39)
at jdk.proxy2/jdk.proxy2.$Proxy20.click(Unknown Source)
at todayyyy.minitv.MXplayer(minitv.java:19)
at todaytest.validationtest.verify_minitv(validationtest.java:73)
at java.base/jdk.internal.reflect.NativeMethodAccessorImpl.invoke0(Native Method)
at java.base/jdk.internal.reflect.NativeMethodAccessorImpl.invoke(NativeMethodAccessorImpl.java:77)
at java.base/jdk.internal.reflect.DelegatingMethodAccessorImpl.invoke(DelegatingMethodAccessorImpl.java:43)
at java.base/java.lang.reflect.Method.invoke(Method.java:568)
at org.testng.internal.MethodInvocationHelper.invokeMethod(MethodInvocationHelper.java:133)
at org.testng.internal.TestInvoker.invokeMethod(TestInvoker.java:598)
at org.testng.internal.TestInvoker.invokeTestMethod(TestInvoker.java:173)
at org.testng.internal.MethodRunner.runInSequence(MethodRunner.java:46)
at org.testng.internal.TestInvoker$MethodInvocationAgent.invoke(TestInvoker.java:824)
at org.testng.internal.TestInvoker.invokeTestMethods(TestInvoker.java:146)
at org.testng.internal.TestMethodWorker.invokeTestMethods(TestMethodWorker.java:146)
at org.testng.internal.TestMethodWorker.run(TestMethodWorker.java:128)
at java.base/java.util.ArrayList.forEach(ArrayList.java:1511)
at org.testng.TestRunner.privateRun(TestRunner.java:794)
at org.testng.TestRunner.run(TestRunner.java:596)
at org.testng.SuiteRunner.runTest(SuiteRunner.java:377)
at org.testng.SuiteRunner.runSequentially(SuiteRunner.java:371)
at org.testng.SuiteRunner.privateRun(SuiteRunner.java:332)
at org.testng.SuiteRunner.run(SuiteRunner.java:276)
at org.testng.SuiteRunnerWorker.runSuite(SuiteRunnerWorker.java:53)
at org.testng.SuiteRunnerWorker.run(SuiteRunnerWorker.java:96)
at org.testng.TestNG.runSuitesSequentially(TestNG.java:1212)
at org.testng.TestNG.runSuitesLocally(TestNG.java:1134)
at org.testng.TestNG.runSuites(TestNG.java:1063)
at org.testng.TestNG.run(TestNG.java:1031)
at org.testng.remote.AbstractRemoteTestNG.run(AbstractRemoteTestNG.java:115)
at org.testng.remote.RemoteTestNG.initAndRun(RemoteTestNG.java:293)
at org.testng.remote.RemoteTestNG.main(RemoteTestNG.java:91)
]]>
            </full-stacktrace>
          </exception> <!-- org.openqa.selenium.NoSuchElementException -->
          <reporter-output>
          </reporter-output>
        </test-method> <!-- verify_minitv -->
        <test-method is-config="true" signature="Logout()[pri:0, instance:todaytest.validationtest@158d2680]" started-at="2025-05-27T00:07:14 GMT-05:00" name="Logout" finished-at="2025-05-27T00:07:14 GMT-05:00" duration-ms="1" status="PASS">
          <reporter-output>
          </reporter-output>
        </test-method> <!-- Logout -->
        <test-method is-config="true" signature="aftertest()[pri:0, instance:todaytest.validationtest@158d2680]" started-at="2025-05-27T00:07:14 GMT-05:00" name="aftertest" finished-at="2025-05-27T00:07:19 GMT-05:00" duration-ms="5563" status="PASS">
          <reporter-output>
          </reporter-output>
        </test-method> <!-- aftertest -->
        <test-method is-config="true" signature="closebrowsercode()[pri:0, instance:todaytest.validationtest@158d2680]" started-at="2025-05-27T00:07:14 GMT-05:00" name="closebrowsercode" finished-at="2025-05-27T00:07:14 GMT-05:00" duration-ms="0" status="PASS">
          <reporter-output>
          </reporter-output>
        </test-method> <!-- closebrowsercode -->
      </class> <!-- todaytest.validationtest -->
    </test> <!-- Default test -->
  </suite> <!-- Default suite -->
</testng-results>
